<?xml version="1.0" encoding="utf-8"?><testsuites name="pytest tests"><testsuite name="pytest" errors="0" failures="0" skipped="0" tests="22" time="50.267" timestamp="2026-07-01T04:59:33.077997+00:00" hostname="agent-env-f22a43a3-b44c-48ff-93b3-1996451c3bec"><testcase classname="backend.tests.backend_test" name="test_health" time="19.615" /><testcase classname="backend.tests.backend_test" name="test_login_invalid" time="0.272" /><testcase classname="backend.tests.backend_test" name="test_login_success" time="0.269" /><testcase classname="backend.tests.backend_test" name="test_me_no_token" time="0.132" /><testcase classname="backend.tests.backend_test" name="test_me_with_token" time="19.778" /><testcase classname="backend.tests.backend_test" name="test_list_games" time="0.045" /><testcase classname="backend.tests.backend_test" name="test_get_game_ml" time="0.054" /><testcase classname="backend.tests.backend_test" name="test_get_game_missing" time="0.043" /><testcase classname="backend.tests.backend_test" name="test_upload_requires_auth" time="6.307" /><testcase classname="backend.tests.backend_test" name="test_upload_inline" time="0.104" /><testcase classname="backend.tests.backend_test" name="test_create_post_requires_auth" time="0.080" /><testcase classname="backend.tests.backend_test" name="test_list_posts_contains_created" time="0.158" /><testcase classname="backend.tests.backend_test" name="test_list_posts_filter_game" time="0.076" /><testcase classname="backend.tests.backend_test" name="test_list_posts_search" time="2.173" /><testcase classname="backend.tests.backend_test" name="test_list_posts_sort_price" time="0.073" /><testcase classname="backend.tests.backend_test" name="test_get_post_and_views_increment" time="0.152" /><testcase classname="backend.tests.backend_test" name="test_patch_post" time="0.201" /><testcase classname="backend.tests.backend_test" name="test_patch_requires_auth" time="0.071" /><testcase classname="backend.tests.backend_test" name="test_delete_requires_auth" time="0.069" /><testcase classname="backend.tests.backend_test" name="test_delete_post_and_verify" time="0.218" /><testcase classname="backend.tests.backend_test" name="test_analytics_requires_auth" time="0.084" /><testcase classname="backend.tests.backend_test" name="test_analytics" time="0.149" /></testsuite></testsuites>